<?xml version="1.0" encoding="UTF-8"?>
<!-- Generated by org.testng.reporters.JUnitReportReporter -->
<testsuite skipped="0" hostname="DESKTOP-BJ9OE5C" name="com.nopcommerce.testCases.TC003_AddNewCustomer" tests="1" failures="0" timestamp="2021-09-22T15:39:44 IST" time="47.960" errors="0">
  <testcase name="addCustomer" time="47.960" classname="com.nopcommerce.testCases.TC003_AddNewCustomer"/>
  <system-out/>
</testsuite> <!-- com.nopcommerce.testCases.TC003_AddNewCustomer -->
